<?xml version="1.0" encoding="UTF-8"?>
<testng-results skipped="0" failed="1" total="10" passed="9">
  <reporter-output>
  </reporter-output>
  <suite name="Login Suite" duration-ms="70837" started-at="2016-07-08T12:00:06Z" finished-at="2016-07-08T12:01:17Z">
    <groups>
    </groups>
    <test name="Login and info change test" duration-ms="70837" started-at="2016-07-08T12:00:06Z" finished-at="2016-07-08T12:01:17Z">
      <class name="reg.TestLogIn">
        <test-method status="PASS" signature="setUp()[pri:0, instance:reg.TestLogIn@524a2ffb]" name="setUp" is-config="true" duration-ms="4247" started-at="2016-07-08T15:00:06Z" finished-at="2016-07-08T15:00:11Z">
          <reporter-output>
          </reporter-output>
        </test-method> <!-- setUp -->
        <test-method status="PASS" signature="openPage()[pri:0, instance:reg.TestLogIn@524a2ffb]" name="openPage" duration-ms="5994" started-at="2016-07-08T15:00:11Z" finished-at="2016-07-08T15:00:17Z">
          <reporter-output>
          </reporter-output>
        </test-method> <!-- openPage -->
        <test-method status="PASS" signature="pressLogInBtn()[pri:1, instance:reg.TestLogIn@524a2ffb]" name="pressLogInBtn" duration-ms="2256" started-at="2016-07-08T15:00:17Z" finished-at="2016-07-08T15:00:19Z">
          <reporter-output>
          </reporter-output>
        </test-method> <!-- pressLogInBtn -->
        <test-method status="PASS" signature="typeEmail(java.lang.String)[pri:2, instance:reg.TestLogIn@524a2ffb]" name="typeEmail" duration-ms="281" started-at="2016-07-08T15:00:19Z" finished-at="2016-07-08T15:00:19Z">
          <params>
            <param index="0">
              <value>
                <![CDATA[patvers@gmail.com]]>
              </value>
            </param>
          </params>
          <reporter-output>
          </reporter-output>
        </test-method> <!-- typeEmail -->
        <test-method status="PASS" signature="typePass(java.lang.String)[pri:3, instance:reg.TestLogIn@524a2ffb]" name="typePass" duration-ms="222" started-at="2016-07-08T15:00:19Z" finished-at="2016-07-08T15:00:19Z">
          <params>
            <param index="0">
              <value>
                <![CDATA[2342925dan]]>
              </value>
            </param>
          </params>
          <reporter-output>
          </reporter-output>
        </test-method> <!-- typePass -->
        <test-method status="PASS" signature="clickProceedLogInBtn()[pri:4, instance:reg.TestLogIn@524a2ffb]" name="clickProceedLogInBtn" duration-ms="6864" started-at="2016-07-08T15:00:19Z" finished-at="2016-07-08T15:00:26Z">
          <reporter-output>
          </reporter-output>
        </test-method> <!-- clickProceedLogInBtn -->
        <test-method status="PASS" signature="proceedToProfilePage()[pri:5, instance:reg.TestLogIn@524a2ffb]" name="proceedToProfilePage" duration-ms="4696" started-at="2016-07-08T15:00:26Z" finished-at="2016-07-08T15:00:31Z">
          <reporter-output>
          </reporter-output>
        </test-method> <!-- proceedToProfilePage -->
        <test-method status="PASS" signature="changeNames(java.lang.String, java.lang.String, java.lang.String)[pri:6, instance:reg.TestLogIn@524a2ffb]" name="changeNames" duration-ms="1373" started-at="2016-07-08T15:00:31Z" finished-at="2016-07-08T15:00:32Z">
          <params>
            <param index="0">
              <value>
                <![CDATA[Михаил]]>
              </value>
            </param>
            <param index="1">
              <value>
                <![CDATA[Педько]]>
              </value>
            </param>
            <param index="2">
              <value>
                <![CDATA[Васильевич]]>
              </value>
            </param>
          </params>
          <reporter-output>
          </reporter-output>
        </test-method> <!-- changeNames -->
        <test-method status="PASS" signature="changeGender(java.lang.String)[pri:7, instance:reg.TestLogIn@524a2ffb]" name="changeGender" duration-ms="177" started-at="2016-07-08T15:00:32Z" finished-at="2016-07-08T15:00:33Z">
          <params>
            <param index="0">
              <value>
                <![CDATA[female]]>
              </value>
            </param>
          </params>
          <reporter-output>
          </reporter-output>
        </test-method> <!-- changeGender -->
        <test-method status="FAIL" signature="changeDate(java.lang.String)[pri:8, instance:reg.TestLogIn@524a2ffb]" name="changeDate" duration-ms="30433" started-at="2016-07-08T15:00:33Z" finished-at="2016-07-08T15:01:03Z">
          <params>
            <param index="0">
              <value>
                <![CDATA[100]]>
              </value>
            </param>
          </params>
          <exception class="org.openqa.selenium.NoSuchElementException">
            <message>
              <![CDATA[no such element: Unable to locate element: {"method":"xpath","selector":"//td/a[contains(text(), 100)]"}
  (Session info: chrome=52.0.2743.60)
  (Driver info: chromedriver=2.21.371459 (36d3d07f660ff2bc1bf28a75d1cdabed0983e7c4),platform=Windows NT 6.1 SP1 x86_64) (WARNING: The server did not provide any stacktrace information)
Command duration or timeout: 30.08 seconds
For documentation on this error, please visit: http://seleniumhq.org/exceptions/no_such_element.html
Build info: version: '2.53.0', revision: '35ae25b1534ae328c771e0856c93e187490ca824', time: '2016-03-15 10:43:46'
System info: host: 'SATTVA', ip: '192.168.56.1', os.name: 'Windows 7', os.arch: 'amd64', os.version: '6.1', java.version: '1.8.0_71'
Driver info: org.openqa.selenium.chrome.ChromeDriver
Capabilities [{applicationCacheEnabled=false, rotatable=false, mobileEmulationEnabled=false, chrome={chromedriverVersion=2.21.371459 (36d3d07f660ff2bc1bf28a75d1cdabed0983e7c4), userDataDir=C:\Users\DAN\AppData\Local\Temp\scoped_dir38788_22544}, takesHeapSnapshot=true, databaseEnabled=false, handlesAlerts=true, hasTouchScreen=false, version=52.0.2743.60, platform=XP, browserConnectionEnabled=false, nativeEvents=true, acceptSslCerts=true, locationContextEnabled=true, webStorageEnabled=true, browserName=chrome, takesScreenshot=true, javascriptEnabled=true, cssSelectorsEnabled=true}]
Session ID: 320555f5845ab510ba6717c792d7c874
*** Element info: {Using=xpath, value=//td/a[contains(text(), 100)]}]]>
            </message>
            <full-stacktrace>
              <![CDATA[org.openqa.selenium.NoSuchElementException: no such element: Unable to locate element: {"method":"xpath","selector":"//td/a[contains(text(), 100)]"}
  (Session info: chrome=52.0.2743.60)
  (Driver info: chromedriver=2.21.371459 (36d3d07f660ff2bc1bf28a75d1cdabed0983e7c4),platform=Windows NT 6.1 SP1 x86_64) (WARNING: The server did not provide any stacktrace information)
Command duration or timeout: 30.08 seconds
For documentation on this error, please visit: http://seleniumhq.org/exceptions/no_such_element.html
Build info: version: '2.53.0', revision: '35ae25b1534ae328c771e0856c93e187490ca824', time: '2016-03-15 10:43:46'
System info: host: 'SATTVA', ip: '192.168.56.1', os.name: 'Windows 7', os.arch: 'amd64', os.version: '6.1', java.version: '1.8.0_71'
Driver info: org.openqa.selenium.chrome.ChromeDriver
Capabilities [{applicationCacheEnabled=false, rotatable=false, mobileEmulationEnabled=false, chrome={chromedriverVersion=2.21.371459 (36d3d07f660ff2bc1bf28a75d1cdabed0983e7c4), userDataDir=C:\Users\DAN\AppData\Local\Temp\scoped_dir38788_22544}, takesHeapSnapshot=true, databaseEnabled=false, handlesAlerts=true, hasTouchScreen=false, version=52.0.2743.60, platform=XP, browserConnectionEnabled=false, nativeEvents=true, acceptSslCerts=true, locationContextEnabled=true, webStorageEnabled=true, browserName=chrome, takesScreenshot=true, javascriptEnabled=true, cssSelectorsEnabled=true}]
Session ID: 320555f5845ab510ba6717c792d7c874
*** Element info: {Using=xpath, value=//td/a[contains(text(), 100)]}
	at sun.reflect.NativeConstructorAccessorImpl.newInstance0(Native Method)
	at sun.reflect.NativeConstructorAccessorImpl.newInstance(NativeConstructorAccessorImpl.java:62)
	at sun.reflect.DelegatingConstructorAccessorImpl.newInstance(DelegatingConstructorAccessorImpl.java:45)
	at java.lang.reflect.Constructor.newInstance(Constructor.java:422)
	at org.openqa.selenium.remote.ErrorHandler.createThrowable(ErrorHandler.java:206)
	at org.openqa.selenium.remote.ErrorHandler.throwIfResponseFailed(ErrorHandler.java:158)
	at org.openqa.selenium.remote.RemoteWebDriver.execute(RemoteWebDriver.java:678)
	at org.openqa.selenium.remote.RemoteWebDriver.findElement(RemoteWebDriver.java:363)
	at org.openqa.selenium.remote.RemoteWebDriver.findElementByXPath(RemoteWebDriver.java:500)
	at org.openqa.selenium.By$ByXPath.findElement(By.java:361)
	at org.openqa.selenium.remote.RemoteWebDriver.findElement(RemoteWebDriver.java:355)
	at core.MethodsFact.click(MethodsFact.java:42)
	at pages.LogIn.chooseDate(LogIn.java:75)
	at reg.TestLogIn.changeDate(TestLogIn.java:66)
	at sun.reflect.NativeMethodAccessorImpl.invoke0(Native Method)
	at sun.reflect.NativeMethodAccessorImpl.invoke(NativeMethodAccessorImpl.java:62)
	at sun.reflect.DelegatingMethodAccessorImpl.invoke(DelegatingMethodAccessorImpl.java:43)
	at java.lang.reflect.Method.invoke(Method.java:497)
	at org.testng.internal.MethodInvocationHelper.invokeMethod(MethodInvocationHelper.java:86)
	at org.testng.internal.Invoker.invokeMethod(Invoker.java:643)
	at org.testng.internal.Invoker.invokeTestMethod(Invoker.java:820)
	at org.testng.internal.Invoker.invokeTestMethods(Invoker.java:1128)
	at org.testng.internal.TestMethodWorker.invokeTestMethods(TestMethodWorker.java:129)
	at org.testng.internal.TestMethodWorker.run(TestMethodWorker.java:112)
	at org.testng.TestRunner.privateRun(TestRunner.java:782)
	at org.testng.TestRunner.run(TestRunner.java:632)
	at org.testng.SuiteRunner.runTest(SuiteRunner.java:366)
	at org.testng.SuiteRunner.runSequentially(SuiteRunner.java:361)
	at org.testng.SuiteRunner.privateRun(SuiteRunner.java:319)
	at org.testng.SuiteRunner.run(SuiteRunner.java:268)
	at org.testng.SuiteRunnerWorker.runSuite(SuiteRunnerWorker.java:52)
	at org.testng.SuiteRunnerWorker.run(SuiteRunnerWorker.java:86)
	at org.testng.TestNG.runSuitesSequentially(TestNG.java:1244)
	at org.testng.TestNG.runSuitesLocally(TestNG.java:1169)
	at org.testng.TestNG.run(TestNG.java:1064)
	at org.apache.maven.surefire.testng.TestNGExecutor.run(TestNGExecutor.java:282)
	at org.apache.maven.surefire.testng.TestNGXmlTestSuite.execute(TestNGXmlTestSuite.java:83)
	at org.apache.maven.surefire.testng.TestNGProvider.invoke(TestNGProvider.java:114)
	at org.apache.maven.surefire.booter.ForkedBooter.invokeProviderInSameClassLoader(ForkedBooter.java:286)
	at org.apache.maven.surefire.booter.ForkedBooter.runSuitesInProcess(ForkedBooter.java:240)
	at org.apache.maven.surefire.booter.ForkedBooter.main(ForkedBooter.java:121)
]]>
            </full-stacktrace>
          </exception> <!-- org.openqa.selenium.NoSuchElementException -->
          <reporter-output>
          </reporter-output>
        </test-method> <!-- changeDate -->
        <test-method status="PASS" signature="clickSaveBtn()[pri:9, instance:reg.TestLogIn@524a2ffb]" name="clickSaveBtn" duration-ms="10392" started-at="2016-07-08T15:01:04Z" finished-at="2016-07-08T15:01:14Z">
          <reporter-output>
          </reporter-output>
        </test-method> <!-- clickSaveBtn -->
        <test-method status="PASS" signature="tearDown()[pri:0, instance:reg.TestLogIn@524a2ffb]" name="tearDown" is-config="true" duration-ms="2743" started-at="2016-07-08T15:01:14Z" finished-at="2016-07-08T15:01:17Z">
          <reporter-output>
          </reporter-output>
        </test-method> <!-- tearDown -->
      </class> <!-- reg.TestLogIn -->
    </test> <!-- Login and info change test -->
  </suite> <!-- Login Suite -->
</testng-results>
